SOURCE/mobile/app/build/intermediates/manifest_merge_blame_file/debug/manifest-merger-blame-debug-report.txt
1<?xml version="1.0" encoding="utf-8"?>
2<manifest xmlns:android="http://schemas.android.com/apk/res/android"
3    package="com.example.myapp"
4    android:versionCode="1"
5    android:versionName="1.0" >
6
7    <uses-sdk
8        android:minSdkVersion="24"
8-->src\main\AndroidManifest.xml
9        android:targetSdkVersion="32" />
9-->src\main\AndroidManifest.xml
10
11    <uses-permission android:name="android.permission.INTERNET" />
11-->src\main\AndroidManifest.xml:5:5-67
11-->src\main\AndroidManifest.xml:5:22-64
12
13    <application
13-->src\main\AndroidManifest.xml:7:5-38:19
14        android:allowBackup="true"
14-->src\main\AndroidManifest.xml:8:9-35
15        android:appComponentFactory="androidx.core.app.CoreComponentFactory"
15-->[androidx.core:core:1.5.0] AndroidManifest.xml:24:18-86
16        android:debuggable="true"
17        android:extractNativeLibs="false"
18        android:icon="@mipmap/ic_launcher"
18-->src\main\AndroidManifest.xml:9:9-43
19        android:label="@string/app_name"
19-->src\main\AndroidManifest.xml:10:9-41
20        android:roundIcon="@mipmap/ic_launcher_round"
20-->src\main\AndroidManifest.xml:11:9-54
21        android:supportsRtl="true"
21-->src\main\AndroidManifest.xml:12:9-35
22        android:testOnly="true"
23        android:theme="@style/Theme.Myapp"
23-->src\main\AndroidManifest.xml:13:9-43
24        android:usesCleartextTraffic="true" >
24-->src\main\AndroidManifest.xml:14:9-44
25        <activity
25-->src\main\AndroidManifest.xml:15:9-17:40
26            android:name="com.example.myapp.ProfileActivity"
26-->src\main\AndroidManifest.xml:16:13-44
27            android:exported="false" />
27-->src\main\AndroidManifest.xml:17:13-37
28        <activity
28-->src\main\AndroidManifest.xml:18:9-20:40
29            android:name="com.example.myapp.DetailAlarmActivity"
29-->src\main\AndroidManifest.xml:19:13-48
30            android:exported="false" />
30-->src\main\AndroidManifest.xml:20:13-37
31        <activity
31-->src\main\AndroidManifest.xml:21:9-29:20
32            android:name="com.example.myapp.LoginActivity"
32-->src\main\AndroidManifest.xml:22:13-42
33            android:exported="true" >
33-->src\main\AndroidManifest.xml:23:13-36
34            <intent-filter>
34-->src\main\AndroidManifest.xml:24:13-28:29
35                <action android:name="android.intent.action.MAIN" />
35-->src\main\AndroidManifest.xml:25:17-69
35-->src\main\AndroidManifest.xml:25:25-66
36
37                <category android:name="android.intent.category.LAUNCHER" />
37-->src\main\AndroidManifest.xml:27:17-77
37-->src\main\AndroidManifest.xml:27:27-74
38            </intent-filter>
39        </activity>
40        <activity
40-->src\main\AndroidManifest.xml:30:9-34:55
41            android:name="com.example.myapp.MonitorActivity"
41-->src\main\AndroidManifest.xml:31:13-44
42            android:exported="false"
42-->src\main\AndroidManifest.xml:32:13-37
43            android:parentActivityName="com.example.myapp.MainActivity"
43-->src\main\AndroidManifest.xml:33:13-55
44            android:windowSoftInputMode="adjustPan" />
44-->src\main\AndroidManifest.xml:34:13-52
45        <activity
45-->src\main\AndroidManifest.xml:35:9-37:40
46            android:name="com.example.myapp.MainActivity"
46-->src\main\AndroidManifest.xml:36:13-41
47            android:exported="false" />
47-->src\main\AndroidManifest.xml:37:13-37
48    </application>
49
50</manifest>